<?xml version="1.0" encoding="UTF-8" ?>
<testsuite errors="0" failures="0" hostname="Garbage-Collector" name="operationTest" tests="1" time="0.171" timestamp="2009-03-12T18:33:59">
  <properties>
    <property name="default.javac.source" value="1.6" />
    <property name="file.encoding.pkg" value="sun.io" />
    <property name="ant.file.bigNumbersLibrary" value="/media/disk/Common/Netbeans_Projects/bigNumbersLibrary/build.xml" />
    <property name="user.zoneinfo.dir" value="/usr/share/javazi" />
    <property name="libs.toplink.maven-pom" value="" />
    <property name="javac.source" value="1.5" />
    <property name="netbeans.system_http_proxy" value="DIRECT" />
    <property name="java.home" value="/usr/lib/jvm/java-6-openjdk/jre" />
    <property name="test.src.dir" value="test" />
    <property name="libs.jaxws21.src" value="" />
    <property name="javadoc.version" value="false" />
    <property name="libs.CopyLibs.classpath" value="/home/chibis/.netbeans/6.1/ant/extra/org-netbeans-modules-java-j2seproject-copylibstask.jar" />
    <property name="libs.javac-api.src" value="" />
    <property name="java.endorsed.dirs" value="/usr/lib/jvm/java-6-openjdk/jre/lib/endorsed" />
    <property name="libs.MySQLDriver.classpath" value="/home/chibis/.netbeans/6.1/modules/ext/mysql-connector-java-5.1.5-bin.jar" />
    <property name="libs.junit.maven-pom" value="" />
    <property name="libs.PostgreSQLDriver.src" value="" />
    <property name="src.dir" value="src" />
    <property name="sun.java2d.noddraw" value="true" />
    <property name="nbplatform.default.harness.dir" value="/usr/share/netbeans/6.1/harness" />
    <property name="debug-args-line" value="-Xdebug" />
    <property name="build.sysclasspath" value="ignore" />
    <property name="have.sources" value="true" />
    <property name="includes" value="**" />
    <property name="source.encoding" value="UTF-8" />
    <property name="libs.jaxws21.classpath" value="/home/chibis/.netbeans/6.1/modules/ext/jaxws21/activation.jar:/home/chibis/.netbeans/6.1/modules/ext/jaxws21/FastInfoset.jar:/home/chibis/.netbeans/6.1/modules/ext/jaxws21/http.jar:/home/chibis/.netbeans/6.1/modules/ext/jaxws21/api/jaxb-api.jar:/home/chibis/.netbeans/6.1/modules/ext/jaxws21/jaxb-impl.jar:/home/chibis/.netbeans/6.1/modules/ext/jaxws21/jaxb-xjc.jar:/home/chibis/.netbeans/6.1/modules/ext/jaxws21/api/jaxws-api.jar:/home/chibis/.netbeans/6.1/modules/ext/jaxws21/jaxws-rt.jar:/home/chibis/.netbeans/6.1/modules/ext/jaxws21/jaxws-tools.jar:/home/chibis/.netbeans/6.1/modules/ext/jaxws21/api/jsr173_api.jar:/home/chibis/.netbeans/6.1/modules/ext/jaxws21/api/jsr181-api.jar:/home/chibis/.netbeans/6.1/modules/ext/jaxws21/api/jsr250-api.jar:/home/chibis/.netbeans/6.1/modules/ext/jaxws21/api/saaj-api.jar:/home/chibis/.netbeans/6.1/modules/ext/jaxws21/saaj-impl.jar:/home/chibis/.netbeans/6.1/modules/ext/jaxws21/sjsxp.jar:/home/chibis/.netbeans/6.1/modules/ext/jaxws21/stax-ex.jar:/home/chibis/.netbeans/6.1/modules/ext/jaxws21/streambuffer.jar" />
    <property name="libs.swing-app-framework.javadoc" value="/home/chibis/.netbeans/6.1/docs/appframework-1.0.3-doc.zip" />
    <property name="sun.os.patch.level" value="unknown" />
    <property name="java.vendor.url" value="http://java.sun.com/" />
    <property name="java.version" value="1.6.0_0" />
    <property name="libs.jaxb21.javadoc" value="" />
    <property name="javac.debug" value="true" />
    <property name="org.openide.major.version" value="IDE/1" />
    <property name="run.classpath" value=":build/classes" />
    <property name="libs.PostgreSQLDriver.maven-pom" value="" />
    <property name="java.vendor.url.bug" value="http://java.sun.com/cgi-bin/bugreport.cgi" />
    <property name="libs.absolutelayout.javadoc" value="" />
    <property name="libs.junit_4.maven-pom" value="" />
    <property name="netbeans.buildnumber" value="080905" />
    <property name="jna.platform.library.path" value="/usr/lib:/lib" />
    <property name="manifest.file" value="manifest.mf" />
    <property name="libs.swing-app-framework.maven-pom" value="" />
    <property name="user.name" value="chibis" />
    <property name="manifest.available+main.class+mkdist.available" value="true" />
    <property name="sun.io.unicode.encoding" value="UnicodeLittle" />
    <property name="sun.jnu.encoding" value="UTF-8" />
    <property name="java.runtime.name" value="IcedTea6 1.3.1 (6b12-0ubuntu6.1) Runtime Environment" />
    <property name="jdk.home" value="/usr/lib/jvm/java-6-openjdk" />
    <property name="org.openide.TopManager" value="org.netbeans.core.NonGui" />
    <property name="netbeans.dirs" value="/usr/share/netbeans/6.1/nb6.1:/usr/share/netbeans/6.1/ide9:/usr/share/netbeans/6.1/java2:/usr/share/netbeans/6.1/apisupport1:/usr/share/netbeans/6.1/harness:" />
    <property name="java.specification.name" value="Java Platform API Specification" />
    <property name="javadoc.author" value="false" />
    <property name="user.timezone" value="" />
    <property name="netbeans.system_http_non_proxy_hosts" value="" />
    <property name="manifest.available" value="true" />
    <property name="libs.swing-layout.maven-pom" value="" />
    <property name="libs.junit.javadoc" value="" />
    <property name="org.openide.specification.version" value="6.2" />
    <property name="path.separator" value=":" />
    <property name="version-output" value="java version &quot;1.6" />
    <property name="libs.absolutelayout.classpath" value="/home/chibis/.netbeans/6.1/modules/ext/AbsoluteLayout.jar" />
    <property name="netbeans.accept_license_class" value="org.netbeans.license.AcceptLicense" />
    <property name="file.encoding" value="UTF-8" />
    <property name="dist.javadoc.dir" value="dist/javadoc" />
    <property name="https.nonProxyHosts" value="localhost|127.0.0.1|Garbage-Collector" />
    <property name="libs.junit.src" value="" />
    <property name="libs.jaxb21.maven-pom" value="" />
    <property name="ant.file" value="/media/disk/Common/Netbeans_Projects/bigNumbersLibrary/build.xml" />
    <property name="libs.junit_4.src" value="" />
    <property name="java.io.tmpdir" value="/tmp" />
    <property name="build.test.results.dir" value="build/test/results" />
    <property name="user.language" value="ru" />
    <property name="line.separator" value="
" />
    <property name="apple.laf.useScreenMenuBar" value="true" />
    <property name="libs.absolutelayout.src" value="" />
    <property name="javac.compilerargs" value="" />
    <property name="jar.compress" value="false" />
    <property name="javac.compilerargs.jaxws" value="" />
    <property name="java.vm.info" value="mixed mode, sharing" />
    <property name="libs.javac-api.maven-pom" value="" />
    <property name="javadoc.private" value="false" />
    <property name="sun.desktop" value="gnome" />
    <property name="java.vm.specification.name" value="Java Virtual Machine Specification" />
    <property name="build.test.classes.dir" value="build/test/classes" />
    <property name="jaxws.endorsed.dir" value="/home/chibis/.netbeans/6.1/modules/ext/jaxws21/api" />
    <property name="libs.MySQLDriver.javadoc" value="" />
    <property name="netbeans.dynamic.classpath" value="/usr/share/netbeans/6.1/platform8/core/core.jar:/usr/share/netbeans/6.1/platform8/core/org-openide-filesystems.jar:/usr/share/netbeans/6.1/nb6.1/core/org-netbeans-upgrader.jar:/usr/share/netbeans/6.1/nb6.1/core/locale/core_nb.jar" />
    <property name="manifest.available+main.class" value="true" />
    <property name="libs.beans-binding.javadoc" value="" />
    <property name="platform.active" value="default_platform" />
    <property name="http.nonProxyHosts" value="localhost|127.0.0.1|Garbage-Collector" />
    <property name="libs.junit_4.javadoc" value="" />
    <property name="libs.beans-binding.maven-pom" value="" />
    <property name="javadoc.encoding" value="UTF-8" />
    <property name="java.awt.printerjob" value="sun.print.PSPrinterJob" />
    <property name="dist.jar" value="dist/bigNumbersLibrary.jar" />
    <property name="meta.inf.dir" value="src/META-INF" />
    <property name="ant.version" value="Apache Ant version 1.7.0 compiled on December 13 2006" />
    <property name="netbeans.home" value="/usr/share/netbeans/6.1/platform8" />
    <property name="javadoc.nonavbar" value="false" />
    <property name="user.properties.file" value="/home/chibis/.netbeans/6.1/build.properties" />
    <property name="libs.toplink.classpath" value="/home/chibis/.netbeans/6.1/modules/ext/toplink/toplink-essentials.jar:/home/chibis/.netbeans/6.1/modules/ext/toplink/toplink-essentials-agent.jar" />
    <property name="netbeans.importclass" value="org.netbeans.upgrade.AutoUpgrade" />
    <property name="libs.CopyLibs.maven-pom" value="" />
    <property name="build.generated.dir" value="build/generated" />
    <property name="ant.file.bigNumbersLibrary-impl" value="/media/disk/Common/Netbeans_Projects/bigNumbersLibrary/nbproject/build-impl.xml" />
    <property name="netbeans.home+have.tests" value="true" />
    <property name="os.name" value="Linux" />
    <property name="java.specification.vendor" value="Sun Microsystems Inc." />
    <property name="run.test.classpath" value=":build/classes:/usr/share/netbeans/6.1/java2/modules/ext/junit-3.8.2.jar:build/test/classes" />
    <property name="java.vm.name" value="OpenJDK Client VM" />
    <property name="libs.CopyLibs.src" value="" />
    <property name="libs.jaxb21.src" value="" />
    <property name="org.openide.version" value="deprecated" />
    <property name="libs.junit.classpath" value="/usr/share/netbeans/6.1/java2/modules/ext/junit-3.8.2.jar" />
    <property name="libs.beans-binding.src" value="" />
    <property name="java.library.path" value="/usr/lib/jvm/java-6-openjdk/jre/lib/i386/client:/usr/lib/jvm/java-6-openjdk/jre/lib/i386:/usr/lib/jvm/java-6-openjdk/jre/../lib/i386:/usr/java/packages/lib/i386:/lib:/usr/lib" />
    <property name="libs.PostgreSQLDriver.javadoc" value="" />
    <property name="libs.toplink.javadoc" value="" />
    <property name="ant.java.version" value="1.6" />
    <property name="basedir" value="/media/disk/Common/Netbeans_Projects/bigNumbersLibrary" />
    <property name="javadoc.noindex" value="false" />
    <property name="java.class.version" value="50.0" />
    <property name="sun.awt.exception.handler" value="org.netbeans.core.startup.TopLogging$AWTHandler" />
    <property name="javac.test.classpath" value=":build/classes:/usr/share/netbeans/6.1/java2/modules/ext/junit-3.8.2.jar" />
    <property name="ant.home" value="/home/chibis/.netbeans/6.1/ant" />
    <property name="javadoc.splitindex" value="true" />
    <property name="libs.toplink.src" value="" />
    <property name="libs.javac-api.javadoc" value="" />
    <property name="javadoc.preview" value="true" />
    <property name="libs.MySQLDriver.maven-pom" value="" />
    <property name="libs.CopyLibs.javadoc" value="" />
    <property name="libs.PostgreSQLDriver.classpath" value="/home/chibis/.netbeans/6.1/modules/ext/postgresql-8.3-603.jdbc3.jar" />
    <property name="libs.junit_4.classpath" value="/usr/share/netbeans/6.1/java2/modules/ext/junit-4.1.jar" />
    <property name="libs.jaxws21.maven-pom" value="" />
    <property name="sun.boot.library.path" value="/usr/lib/jvm/java-6-openjdk/jre/lib/i386" />
    <property name="build.dir" value="build" />
    <property name="libs.swing-app-framework.classpath" value="/home/chibis/.netbeans/6.1/modules/ext/appframework-1.0.3.jar:/home/chibis/.netbeans/6.1/modules/ext/swing-worker-1.1.jar" />
    <property name="sun.management.compiler" value="HotSpot Client Compiler" />
    <property name="java.awt.graphicsenv" value="sun.awt.X11GraphicsEnvironment" />
    <property name="javadoc.encoding.used" value="UTF-8" />
    <property name="javadoc.windowtitle" value="" />
    <property name="run.jvmargs" value="" />
    <property name="build.compiler.emacs" value="true" />
    <property name="ant.project.name" value="bigNumbersLibrary" />
    <property name="libs.swing-layout.classpath" value="/usr/share/netbeans/6.1/platform8/modules/ext/swing-layout-1.0.3.jar" />
    <property name="org.openide.awt.SwingBrowserImpl.do-not-block-awt" value="true" />
    <property name="java.vm.specification.version" value="1.0" />
    <property name="work.dir" value="/media/disk/Common/Netbeans_Projects/bigNumbersLibrary" />
    <property name="javadoc.use" value="true" />
    <property name="sun.cpu.isalist" value="" />
    <property name="java.ext.dirs" value="/usr/lib/jvm/java-6-openjdk/jre/lib/ext:/usr/java/packages/lib/ext" />
    <property name="os.version" value="2.6.27-11-generic" />
    <property name="excludes" value="" />
    <property name="user.home" value="/home/chibis" />
    <property name="libs.jaxb21.classpath" value="/home/chibis/.netbeans/6.1/modules/ext/jaxws21/activation.jar:/home/chibis/.netbeans/6.1/modules/ext/jaxws21/api/jaxb-api.jar:/home/chibis/.netbeans/6.1/modules/ext/jaxws21/jaxb-impl.jar:/home/chibis/.netbeans/6.1/modules/ext/jaxws21/jaxb-xjc.jar:/home/chibis/.netbeans/6.1/modules/ext/jaxws21/api/jsr173_api.jar" />
    <property name="org.xml.sax.driver" value="com.sun.org.apache.xerces.internal.jaxp.SAXParserImpl$JAXPSAXParser" />
    <property name="java.vm.vendor" value="Sun Microsystems Inc." />
    <property name="javax.xml.parsers.DocumentBuilderFactory" value="org.netbeans.core.startup.DOMFactoryImpl" />
    <property name="libs.absolutelayout.maven-pom" value="" />
    <property name="user.dir" value="/media/disk/Common/Netbeans_Projects/bigNumbersLibrary" />
    <property name="org.openide.TopManager.GUI" value="true" />
    <property name="application.args" value="" />
    <property name="sun.cpu.endian" value="little" />
    <property name="libs.MySQLDriver.src" value="" />
    <property name="java.vm.version" value="1.6.0_0-b12" />
    <property name="java.class.path" value="/media/disk/Common/Netbeans_Projects/bigNumbersLibrary/build/classes:/usr/share/netbeans/6.1/java2/modules/ext/junit-3.8.2.jar:/media/disk/Common/Netbeans_Projects/bigNumbersLibrary/build/test/classes:/home/chibis/.netbeans/6.1/ant/lib/ant-launcher.jar:/home/chibis/.netbeans/6.1/ant/lib/ant.jar:/home/chibis/.netbeans/6.1/ant/lib/ant-junit.jar" />
    <property name="javax.xml.parsers.SAXParserFactory" value="org.netbeans.core.startup.SAXFactoryImpl" />
    <property name="os.arch" value="i386" />
    <property name="javac.deprecation" value="false" />
    <property name="nbplatform.default.netbeans.dest.dir" value="/usr/share/netbeans/6.1" />
    <property name="build.classes.excludes" value="**/*.java,**/*.form" />
    <property name="dist.dir" value="dist" />
    <property name="netbeans.user" value="/home/chibis/.netbeans/6.1" />
    <property name="debug.classpath" value=":build/classes" />
    <property name="sun.java.launcher" value="SUN_STANDARD" />
    <property name="ant.core.lib" value="/home/chibis/.netbeans/6.1/ant/lib/ant.jar" />
    <property name="java.vm.specification.vendor" value="Sun Microsystems Inc." />
    <property name="do.depend" value="false" />
    <property name="file.separator" value="/" />
    <property name="java.runtime.version" value="1.6.0_0-b12" />
    <property name="sun.boot.class.path" value="/usr/lib/jvm/java-6-openjdk/jre/lib/resources.jar:/usr/lib/jvm/java-6-openjdk/jre/lib/rt.jar:/usr/lib/jvm/java-6-openjdk/jre/lib/sunrsasign.jar:/usr/lib/jvm/java-6-openjdk/jre/lib/jsse.jar:/usr/lib/jvm/java-6-openjdk/jre/lib/jce.jar:/usr/lib/jvm/java-6-openjdk/jre/lib/charsets.jar:/usr/lib/jvm/java-6-openjdk/jre/lib/rhino.jar:/usr/lib/jvm/java-6-openjdk/jre/classes" />
    <property name="debug.test.classpath" value=":build/classes:/usr/share/netbeans/6.1/java2/modules/ext/junit-3.8.2.jar:build/test/classes" />
    <property name="javax.accessibility.assistive_technologies" value="org.GNOME.Accessibility.JavaBridge" />
    <property name="libs.beans-binding.classpath" value="/usr/share/netbeans/6.1/java2/modules/ext/beansbinding-1.2.1.jar" />
    <property name="have.tests" value="true" />
    <property name="main.class" value="org.amse.vadim.bignumberslibrary.Main" />
    <property name="java.util.logging.config.class" value="org.netbeans.core.startup.TopLogging" />
    <property name="libs.javac-api.classpath" value="/home/chibis/.netbeans/6.1/modules/ext/javac-api-nb-7.0-b07.jar" />
    <property name="user.country" value="RU" />
    <property name="javadoc.notree" value="false" />
    <property name="libs.jaxws21.javadoc" value="/home/chibis/.netbeans/6.1/docs/jaxws-2_1-api-doc.zip" />
    <property name="javac.classpath" value="" />
    <property name="default.javac.target" value="1.6" />
    <property name="javadoc.additionalparam" value="" />
    <property name="build.classes.dir" value="build/classes" />
    <property name="libs.swing-layout.javadoc" value="" />
    <property name="libs.swing-layout.src" value="" />
    <property name="java.vendor" value="Sun Microsystems Inc." />
    <property name="javac.target" value="1.5" />
    <property name="libs.swing-app-framework.src" value="" />
    <property name="java.specification.version" value="1.6" />
    <property name="sun.arch.data.model" value="32" />
  </properties>
  <testcase classname="operationTest" name="testBigNumberAdding" time="0.073" />
  <system-out><![CDATA[]]></system-out>
  <system-err><![CDATA[]]></system-err>
</testsuite>
